Attract-Mode v2.4.1 (Windows, SFML 2.5 +SWF +7z) 
avcodec 58.18.100 / avformat 58.12.100 / swscale 5.1.100 / avutil 56.14.100 / swresample 3.1.100

Config: F:\AttractMode\attract.cfg

*** Initializing display: 'MAME'
 - Loaded master romlist 'MAME' in 195 ms (671 entries kept, 0 discarded)
 - Constructed 27 filters in 16 ms (18117 comparisons)
1.77778	using settings[16x9][aspectDepend][res_x] : 1920
	using settings[16x9][aspectDepend][res_y] : 1080
	using settings[16x9][aspectDepend][maskFactor] : 1.9
	using settings[16x9][aspectDepend][wheelNumElements] : 8
 - Loaded layout: F:\AttractMode\layouts/nevato-theme/ (layout_red.nut)
Unrecognized "emulator" setting of "﻿#" in file: F:\AttractMode\emulators/MAME.cfg.  Valid settings are: executable, args, workdir, rompath, romext, system, info_source, import_extras, nb_mode_wait, exit_hotkey, artwork
 - Constructed 1 filters in 0 ms (30 comparisons)
Error, file not found: F:\AttractMode\layouts/mega-display/ (scripts/fade.nut)
 - Loaded layout: F:\AttractMode\layouts/mega-display/ (layout.nut)
Unrecognized "emulator" setting of "﻿#" in file: F:\AttractMode\emulators/playmode.cfg.  Valid settings are: executable, args, workdir, rompath, romext, system, info_source, import_extras, nb_mode_wait, exit_hotkey, artwork
Unrecognized "emulator" setting of "﻿#" in file: F:\AttractMode\emulators/Model3.cfg.  Valid settings are: executable, args, workdir, rompath, romext, system, info_source, import_extras, nb_mode_wait, exit_hotkey, artwork
Unrecognized "emulator" setting of "﻿#" in file: F:\AttractMode\emulators/Model2.cfg.  Valid settings are: executable, args, workdir, rompath, romext, system, info_source, import_extras, nb_mode_wait, exit_hotkey, artwork
Unrecognized "emulator" setting of "﻿#" in file: F:\AttractMode\emulators/PSXmame.cfg.  Valid settings are: executable, args, workdir, rompath, romext, system, info_source, import_extras, nb_mode_wait, exit_hotkey, artwork

AN ERROR HAS OCCURED [trying to set 'function']

CALLSTACK
*FUNCTION [update_clock()] F:\AttractMode\layouts/mega-display/scripts/clock.nut line [17]

LOCALS
[clockb] INSTANCE
[now] TABLE
[ttime] 2053
[this] TABLE
Script Error in tick function: update_clock - trying to set 'function'
