Updating from: https://update.dolphin-emu.org/manifest/93/1a/f76da322129da54b4361bc18ba772610c5fd.manifest
Updating to:   https://update.dolphin-emu.org/manifest/0c/a9/accd8b9f92a2f6e4fa600136a9e51f543b5f.manifest
Install path:  D:\AttractMode\emulators\Dolphin
Waiting for parent PID 1904 to complete...
Completed! Proceeding with update.
Updating:
  - DSPTool.exe: 1e80765f73a1982ac6f39d95164da3aa -> c601fca0300fc001112cf747c1ae89ad
  - Dolphin.exe: 97536d1eaed7584936a266acf6798fa4 -> 0d20a12e6ab784c2eb78c68768a80338
  - Updater.exe: 0d770134008e5f9a144196f57c377e4d -> f8c943ad8713dae61249b3e8796d7a5a
Starting download step...
Downloading https://update.dolphin-emu.org/content/c6/01/fca0300fc001112cf747c1ae89ad ...
Downloading https://update.dolphin-emu.org/content/0d/20/a12e6ab784c2eb78c68768a80338 ...
Downloading https://update.dolphin-emu.org/content/f8/c9/43ad8713dae61249b3e8796d7a5a ...
Download step completed.
Starting update step...
Updating file DSPTool.exe from content c601fca0300fc001112cf747c1ae89ad...
Updating file Dolphin.exe from content 0d20a12e6ab784c2eb78c68768a80338...
Updating file Updater.exe from content f8c943ad8713dae61249b3e8796d7a5a...
Update step completed.
Starting deletion step...
Deletion step completed.
